gyp http GET http://nodejs.org/dist/v0.11.2/node-v0.11.2.tar.gz
gyp http 200 http://nodejs.org/dist/v0.11.2/node-v0.11.2.tar.gz
In file included from ../ext/bson.cc:35:
In file included from ../ext/bson.h:17:
../node_modules/nan/nan.h:304:13: error: no type named 'FunctionCallback' in namespace 'v8'; did you mean 'InvocationCallback'?
typedef v8::FunctionCallback NanFunctionCallback;
        ~~~~^~~~~~~~~~~~~~~~
            InvocationCallback
/Users/julian2/.node-gyp/0.11.2/deps/v8/include/v8.h:2749:25: note: 'InvocationCallback' declared here
typedef Handle<Value> (*InvocationCallback)(const Arguments& args);
                        ^
In file included from ../ext/bson.cc:35:
In file included from ../ext/bson.h:17:
../node_modules/nan/nan.h:337:60: error: too many arguments to function call, expected at most 3, have 4
    return v8::Signature::New(nan_isolate, receiver, argc, argv);
           ~~~~~~~~~~~~~~~~~~                              ^~~~
/Users/julian2/.node-gyp/0.11.2/deps/v8/include/v8.h:3210:3: note: 'New' declared here
  static Local<Signature> New(Handle<FunctionTemplate> receiver =
  ^
In file included from ../ext/bson.cc:35:
In file included from ../ext/bson.h:17:
../node_modules/nan/nan.h:365:27: error: cannot initialize a parameter of type 'int' with an lvalue of type 'v8::Isolate *'
    return v8::Array::New(nan_isolate);
                          ^~~~~~~~~~~
/Users/julian2/.node-gyp/0.11.2/deps/v8/include/v8.h:2239:31: note: passing argument to parameter 'length' here
  static Local<Array> New(int length = 0);
                              ^
In file included from ../ext/bson.cc:35:
In file included from ../ext/bson.h:17:
../node_modules/nan/nan.h:370:40: error: too many arguments to function call, expected at most single argument 'length', have 2 arguments
    return v8::Array::New(nan_isolate, length);
           ~~~~~~~~~~~~~~              ^~~~~~
/Users/julian2/.node-gyp/0.11.2/deps/v8/include/v8.h:2239:3: note: 'New' declared here
  static Local<Array> New(int length = 0);
  ^
In file included from ../ext/bson.cc:35:
In file included from ../ext/bson.h:17:
../node_modules/nan/nan.h:375:39: error: too many arguments to function call, expected single argument 'time', have 2 arguments
    return v8::Date::New(nan_isolate, time).As<v8::Date>();
           ~~~~~~~~~~~~~              ^~~~
/Users/julian2/.node-gyp/0.11.2/deps/v8/include/v8.h:2509:3: note: 'New' declared here
  static Local<Value> New(double time);
  ^
In file included from ../ext/bson.cc:35:
In file included from ../ext/bson.h:17:
../node_modules/nan/nan.h:375:56: error: expected '(' for function-style cast or type construction
    return v8::Date::New(nan_isolate, time).As<v8::Date>();
                                               ~~~~~~~~^
../node_modules/nan/nan.h:375:58: error: expected expression
    return v8::Date::New(nan_isolate, time).As<v8::Date>();
                                                         ^
../node_modules/nan/nan.h:380:39: error: too many arguments to function call, expected single argument 'time', have 2 arguments
    return v8::Date::New(nan_isolate, time).As<v8::Date>();
           ~~~~~~~~~~~~~              ^~~~
/Users/julian2/.node-gyp/0.11.2/deps/v8/include/v8.h:2509:3: note: 'New' declared here
  static Local<Value> New(double time);
  ^
In file included from ../ext/bson.cc:35:
In file included from ../ext/bson.h:17:
../node_modules/nan/nan.h:380:56: error: expected '(' for function-style cast or type construction
    return v8::Date::New(nan_isolate, time).As<v8::Date>();
                                               ~~~~~~~~^
../node_modules/nan/nan.h:380:58: error: expected expression
    return v8::Date::New(nan_isolate, time).As<v8::Date>();
                                                         ^
../node_modules/nan/nan.h:383:15: error: no type named 'UnboundScript' in namespace 'v8'
  typedef v8::UnboundScript NanUnboundScript;
          ~~~~^
../node_modules/nan/nan.h:391:9: error: no member named 'ScriptCompiler' in namespace 'v8'
    v8::ScriptCompiler::Source source(s, origin);
    ~~~~^
../node_modules/nan/nan.h:392:16: error: no member named 'ScriptCompiler' in namespace 'v8'
    return v8::ScriptCompiler::CompileUnbound(nan_isolate, &source);
           ~~~~^
../node_modules/nan/nan.h:392:61: error: use of undeclared identifier 'source'; did you mean 'v8::Extension::source'?
    return v8::ScriptCompiler::CompileUnbound(nan_isolate, &source);
                                                            ^~~~~~
                                                            v8::Extension::source
/Users/julian2/.node-gyp/0.11.2/deps/v8/include/v8.h:3337:46: note: 'v8::Extension::source' declared here
  const String::ExternalAsciiStringResource* source() const {
                                             ^
In file included from ../ext/bson.cc:35:
In file included from ../ext/bson.h:17:
../node_modules/nan/nan.h:392:60: error: must explicitly qualify name of member function when taking its address
    return v8::ScriptCompiler::CompileUnbound(nan_isolate, &source);
                                                           ^~~~~~~
                                                            Extension::
../node_modules/nan/nan.h:399:9: error: no member named 'ScriptCompiler' in namespace 'v8'
    v8::ScriptCompiler::Source source(s);
    ~~~~^
../node_modules/nan/nan.h:400:16: error: no member named 'ScriptCompiler' in namespace 'v8'
    return v8::ScriptCompiler::CompileUnbound(nan_isolate, &source);
           ~~~~^
../node_modules/nan/nan.h:400:61: error: use of undeclared identifier 'source'; did you mean 'v8::Extension::source'?
    return v8::ScriptCompiler::CompileUnbound(nan_isolate, &source);
                                                            ^~~~~~
                                                            v8::Extension::source
/Users/julian2/.node-gyp/0.11.2/deps/v8/include/v8.h:3337:46: note: 'v8::Extension::source' declared here
  const String::ExternalAsciiStringResource* source() const {
                                             ^
In file included from ../ext/bson.cc:35:
In file included from ../ext/bson.h:17:
../node_modules/nan/nan.h:400:60: error: must explicitly qualify name of member function when taking its address
    return v8::ScriptCompiler::CompileUnbound(nan_isolate, &source);
                                                           ^~~~~~~
                                                            Extension::
fatal error: too many errors emitted, stopping now [-ferror-limit=]
20 errors generated.
make: *** [Release/obj.target/bson/ext/bson.o] Error 1
gyp ERR! build error 
gyp ERR! stack Error: `make` failed with exit code: 2
gyp ERR! stack     at ChildProcess.onExit (/usr/local/lib/node_modules/npm/node_modules/node-gyp/lib/build.js:267:23)
gyp ERR! stack     at ChildProcess.EventEmitter.emit (events.js:100:17)
gyp ERR! stack     at Process.ChildProcess._handle.onexit (child_process.js:789:12)
gyp ERR! System Darwin 13.3.0
gyp ERR! command "node" "/usr/local/lib/node_modules/npm/node_modules/node-gyp/bin/node-gyp.js" "rebuild"
gyp ERR! cwd /usr/local/personal/rtsdemo/node_modules/mongodb/node_modules/bson
gyp ERR! node -v v0.11.2
gyp ERR! node-gyp -v v0.9.5
gyp ERR! not ok 
